1685239784772	geckodriver	INFO	Listening on 127.0.0.1:64479
1685240244276	geckodriver	INFO	Listening on 127.0.0.1:64643
1685240272994	geckodriver	INFO	Listening on 127.0.0.1:64658
1685240395527	geckodriver	INFO	Listening on 127.0.0.1:64712
1685240882491	geckodriver	INFO	Listening on 127.0.0.1:64980
1685240885532	mozrunner::runner	INFO	Running command: "C:\\Program Files\\Mozilla Firefox\\firefox.exe" "--marionette" "-headless" "--remote-debugging-port" "64981" "--remote-allow-hosts" "localhost" "-no-remote" "-profile" "C:\\Users\\huuph\\AppData\\Local\\Temp\\rust_mozprofileuSuJMf"
*** You are running in headless mode.
console.warn: services.settings: Ignoring preference override of remote settings server
console.warn: services.settings: Allow by setting MOZ_REMOTE_SETTINGS_DEVTOOLS=1 in the environment
1685240885839	Marionette	INFO	Marionette enabled
Dynamically enable window occlusion 0
1685240885845	Marionette	INFO	Listening on port 64988
Read port: 64988
WebDriver BiDi listening on ws://127.0.0.1:64981
1685240885960	RemoteAgent	WARN	TLS certificate errors will be ignored for this session
[GFX1-]: RenderCompositorSWGL failed mapping default framebuffer, no dt
[ERROR glean_core] Error setting metrics feature config: Json(Error("EOF while parsing a value", line: 1, column: 0))
console.error: ({})
DevTools listening on ws://127.0.0.1:64981/devtools/browser/4a8796a6-53cb-49af-8217-d43fdabbe02b
JavaScript warning: https://static.licdn.com/sc/h/2j5ibu4rxs73gt2v9jna8d5j4, line 1: WEBGL_debug_renderer_info is deprecated in Firefox and will be removed. Please use RENDERER.
JavaScript warning: https://static.licdn.com/sc/h/2j5ibu4rxs73gt2v9jna8d5j4, line 1: WEBGL_debug_renderer_info is deprecated in Firefox and will be removed. Please use RENDERER.
console.warn: LoginRecipes: "Falling back to a synchronous message for: https://www.linkedin.com."
console.warn: LoginRecipes: "Falling back to a synchronous message for: https://www.linkedin.com."
JavaScript warning: https://static.licdn.com/sc/h/1yjin2zgbvturkf6jyp2c3ehg, line 18952: unreachable code after return statement
JavaScript warning: https://static.licdn.com/sc/h/6q0y7ea057aa9pbq23it06hja, line 2578: unreachable code after return statement
1685240903491	Marionette	WARN	Ignoring event 'DOMContentLoaded' because document has an invalid readyState of 'complete'.
JavaScript warning: https://static.licdn.com/sc/h/ean56pz4lel3oi5kyriw305hq, line 1154: WEBGL_debug_renderer_info is deprecated in Firefox and will be removed. Please use RENDERER.
JavaScript warning: https://static.licdn.com/sc/h/ean56pz4lel3oi5kyriw305hq, line 1150: WEBGL_debug_renderer_info is deprecated in Firefox and will be removed. Please use RENDERER.
1685241002490	geckodriver	INFO	Listening on 127.0.0.1:65108
1685241005566	mozrunner::runner	INFO	Running command: "C:\\Program Files\\Mozilla Firefox\\firefox.exe" "--marionette" "--remote-debugging-port" "65109" "--remote-allow-hosts" "localhost" "-no-remote" "-profile" "C:\\Users\\huuph\\AppData\\Local\\Temp\\rust_mozprofilezds3hw"
console.warn: services.settings: Ignoring preference override of remote settings server
console.warn: services.settings: Allow by setting MOZ_REMOTE_SETTINGS_DEVTOOLS=1 in the environment
1685241005870	Marionette	INFO	Marionette enabled
Dynamically enable window occlusion 0
1685241005874	Marionette	INFO	Listening on port 65118
Read port: 65118
WebDriver BiDi listening on ws://127.0.0.1:65109
1685241005999	RemoteAgent	WARN	TLS certificate errors will be ignored for this session
[ERROR glean_core] Error setting metrics feature config: Json(Error("EOF while parsing a value", line: 1, column: 0))
DevTools listening on ws://127.0.0.1:65109/devtools/browser/c9fdd24c-f600-4b0f-8e7d-bf754e42cfe8
JavaScript warning: https://static.licdn.com/sc/h/2j5ibu4rxs73gt2v9jna8d5j4, line 1: WEBGL_debug_renderer_info is deprecated in Firefox and will be removed. Please use RENDERER.
JavaScript warning: https://static.licdn.com/sc/h/2j5ibu4rxs73gt2v9jna8d5j4, line 1: WEBGL_debug_renderer_info is deprecated in Firefox and will be removed. Please use RENDERER.
console.warn: LoginRecipes: "Falling back to a synchronous message for: https://www.linkedin.com."
console.warn: LoginRecipes: "Falling back to a synchronous message for: https://www.linkedin.com."
JavaScript warning: https://static.licdn.com/sc/h/1yjin2zgbvturkf6jyp2c3ehg, line 18952: unreachable code after return statement
JavaScript warning: https://static.licdn.com/sc/h/6q0y7ea057aa9pbq23it06hja, line 2578: unreachable code after return statement
1685241022873	Marionette	WARN	Ignoring event 'DOMContentLoaded' because document has an invalid readyState of 'complete'.
JavaScript warning: https://static.licdn.com/sc/h/ean56pz4lel3oi5kyriw305hq, line 1154: WEBGL_debug_renderer_info is deprecated in Firefox and will be removed. Please use RENDERER.
JavaScript warning: https://static.licdn.com/sc/h/ean56pz4lel3oi5kyriw305hq, line 1150: WEBGL_debug_renderer_info is deprecated in Firefox and will be removed. Please use RENDERER.
[Child 5516, Main Thread] WARNING: JSWindowActorChild::SendRawMessage (Conduits, ConduitClosed) not sent: !CanSend() || !mManager || !mManager->CanSend(): file /builds/worker/checkouts/gecko/dom/ipc/jsactor/JSWindowActorChild.cpp:57
[Child 5516, Main Thread] WARNING: JSWindowActorChild::SendRawMessage (Conduits, ConduitClosed) not sent: !CanSend() || !mManager || !mManager->CanSend(): file /builds/worker/checkouts/gecko/dom/ipc/jsactor/JSWindowActorChild.cpp:57
[Child 5516, Main Thread] WARNING: JSWindowActorChild::SendRawMessage (Conduits, ConduitClosed) not sent: !CanSend() || !mManager || !mManager->CanSend(): file /builds/worker/checkouts/gecko/dom/ipc/jsactor/JSWindowActorChild.cpp:57
[Child 5516, Main Thread] WARNING: JSWindowActorChild::SendRawMessage (Conduits, ConduitClosed) not sent: !CanSend() || !mManager || !mManager->CanSend(): file /builds/worker/checkouts/gecko/dom/ipc/jsactor/JSWindowActorChild.cpp:57
[Child 5516, Main Thread] WARNING: JSWindowActorChild::SendRawMessage (Conduits, ConduitClosed) not sent: !CanSend() || !mManager || !mManager->CanSend(): file /builds/worker/checkouts/gecko/dom/ipc/jsactor/JSWindowActorChild.cpp:57
[Child 5516, Main Thread] WARNING: JSWindowActorChild::SendRawMessage (Conduits, ConduitClosed) not sent: !CanSend() || !mManager || !mManager->CanSend(): file /builds/worker/checkouts/gecko/dom/ipc/jsactor/JSWindowActorChild.cpp:57
[Child 5516, Main Thread] WARNING: JSWindowActorChild::SendRawMessage (Conduits, ConduitClosed) not sent: !CanSend() || !mManager || !mManager->CanSend(): file /builds/worker/checkouts/gecko/dom/ipc/jsactor/JSWindowActorChild.cpp:57
[Child 5516, Main Thread] WARNING: JSWindowActorChild::SendRawMessage (Conduits, ConduitClosed) not sent: !CanSend() || !mManager || !mManager->CanSend(): file /builds/worker/checkouts/gecko/dom/ipc/jsactor/JSWindowActorChild.cpp:57
1685241072348	Marionette	INFO	Stopped listening on port 65118
Dynamically enable window occlusion 1
1685253994486	geckodriver	INFO	Listening on 127.0.0.1:59862
1685253997575	mozrunner::runner	INFO	Running command: "C:\\Program Files\\Mozilla Firefox\\firefox.exe" "--marionette" "--remote-debugging-port" "59863" "--remote-allow-hosts" "localhost" "-no-remote" "-profile" "C:\\Users\\huuph\\AppData\\Local\\Temp\\rust_mozprofile1QrRbn"
console.warn: services.settings: Ignoring preference override of remote settings server
console.warn: services.settings: Allow by setting MOZ_REMOTE_SETTINGS_DEVTOOLS=1 in the environment
1685253998201	Marionette	INFO	Marionette enabled
Dynamically enable window occlusion 0
1685253998208	Marionette	INFO	Listening on port 59872
Read port: 59872
WebDriver BiDi listening on ws://127.0.0.1:59863
1685253998353	RemoteAgent	WARN	TLS certificate errors will be ignored for this session
[ERROR glean_core] Error setting metrics feature config: Json(Error("EOF while parsing a value", line: 1, column: 0))
DevTools listening on ws://127.0.0.1:59863/devtools/browser/ae3bdf62-ed49-41e6-9644-3d33ccb31188
JavaScript warning: https://static.licdn.com/sc/h/2j5ibu4rxs73gt2v9jna8d5j4, line 1: WEBGL_debug_renderer_info is deprecated in Firefox and will be removed. Please use RENDERER.
JavaScript warning: https://static.licdn.com/sc/h/2j5ibu4rxs73gt2v9jna8d5j4, line 1: WEBGL_debug_renderer_info is deprecated in Firefox and will be removed. Please use RENDERER.
console.warn: LoginRecipes: "Falling back to a synchronous message for: https://www.linkedin.com."
console.warn: LoginRecipes: "Falling back to a synchronous message for: https://www.linkedin.com."
JavaScript warning: https://static.licdn.com/sc/h/1yjin2zgbvturkf6jyp2c3ehg, line 18952: unreachable code after return statement
JavaScript warning: https://static.licdn.com/sc/h/6q0y7ea057aa9pbq23it06hja, line 2578: unreachable code after return statement
1685254015328	Marionette	WARN	Ignoring event 'DOMContentLoaded' because document has an invalid readyState of 'complete'.
JavaScript warning: https://static.licdn.com/sc/h/ean56pz4lel3oi5kyriw305hq, line 1154: WEBGL_debug_renderer_info is deprecated in Firefox and will be removed. Please use RENDERER.
JavaScript warning: https://static.licdn.com/sc/h/ean56pz4lel3oi5kyriw305hq, line 1150: WEBGL_debug_renderer_info is deprecated in Firefox and will be removed. Please use RENDERER.
JavaScript warning: https://static.licdn.com/sc/h/1yjin2zgbvturkf6jyp2c3ehg, line 18952: unreachable code after return statement
JavaScript warning: https://static.licdn.com/sc/h/6q0y7ea057aa9pbq23it06hja, line 2578: unreachable code after return statement
JavaScript warning: https://static.licdn.com/sc/h/ean56pz4lel3oi5kyriw305hq, line 1154: WEBGL_debug_renderer_info is deprecated in Firefox and will be removed. Please use RENDERER.
JavaScript warning: https://static.licdn.com/sc/h/ean56pz4lel3oi5kyriw305hq, line 1150: WEBGL_debug_renderer_info is deprecated in Firefox and will be removed. Please use RENDERER.
[Child 9344, Main Thread] WARNING: JSWindowActorChild::SendRawMessage (Conduits, ConduitClosed) not sent: !CanSend() || !mManager || !mManager->CanSend(): file /builds/worker/checkouts/gecko/dom/ipc/jsactor/JSWindowActorChild.cpp:57
[Child 9344, Main Thread] WARNING: JSWindowActorChild::SendRawMessage (Conduits, ConduitClosed) not sent: !CanSend() || !mManager || !mManager->CanSend(): file /builds/worker/checkouts/gecko/dom/ipc/jsactor/JSWindowActorChild.cpp:57
[Child 9344, Main Thread] WARNING: JSWindowActorChild::SendRawMessage (Conduits, ConduitClosed) not sent: !CanSend() || !mManager || !mManager->CanSend(): file /builds/worker/checkouts/gecko/dom/ipc/jsactor/JSWindowActorChild.cpp:57
[Child 9344, Main Thread] WARNING: JSWindowActorChild::SendRawMessage (Conduits, ConduitClosed) not sent: !CanSend() || !mManager || !mManager->CanSend(): file /builds/worker/checkouts/gecko/dom/ipc/jsactor/JSWindowActorChild.cpp:57
[Child 9344, Main Thread] WARNING: JSWindowActorChild::SendRawMessage (Conduits, ConduitClosed) not sent: !CanSend() || !mManager || !mManager->CanSend(): file /builds/worker/checkouts/gecko/dom/ipc/jsactor/JSWindowActorChild.cpp:57
[Child 9344, Main Thread] WARNING: JSWindowActorChild::SendRawMessage (Conduits, ConduitClosed) not sent: !CanSend() || !mManager || !mManager->CanSend(): file /builds/worker/checkouts/gecko/dom/ipc/jsactor/JSWindowActorChild.cpp:57
[Child 9344, Main Thread] WARNING: JSWindowActorChild::SendRawMessage (Conduits, ConduitClosed) not sent: !CanSend() || !mManager || !mManager->CanSend(): file /builds/worker/checkouts/gecko/dom/ipc/jsactor/JSWindowActorChild.cpp:57
[Child 9344, Main Thread] WARNING: JSWindowActorChild::SendRawMessage (Conduits, ConduitClosed) not sent: !CanSend() || !mManager || !mManager->CanSend(): file /builds/worker/checkouts/gecko/dom/ipc/jsactor/JSWindowActorChild.cpp:57
1685254080254	Marionette	INFO	Stopped listening on port 59872
Dynamically enable window occlusion 1
1685254089888	geckodriver	INFO	Listening on 127.0.0.1:60065
1685254092987	mozrunner::runner	INFO	Running command: "C:\\Program Files\\Mozilla Firefox\\firefox.exe" "--marionette" "--remote-debugging-port" "60066" "--remote-allow-hosts" "localhost" "-no-remote" "-profile" "C:\\Users\\huuph\\AppData\\Local\\Temp\\rust_mozprofilew1ibqO"
console.warn: services.settings: Ignoring preference override of remote settings server
console.warn: services.settings: Allow by setting MOZ_REMOTE_SETTINGS_DEVTOOLS=1 in the environment
1685254093548	Marionette	INFO	Marionette enabled
Dynamically enable window occlusion 0
1685254093553	Marionette	INFO	Listening on port 60075
WebDriver BiDi listening on ws://127.0.0.1:60066
Read port: 60075
1685254093840	RemoteAgent	WARN	TLS certificate errors will be ignored for this session
[ERROR glean_core] Error setting metrics feature config: Json(Error("EOF while parsing a value", line: 1, column: 0))
DevTools listening on ws://127.0.0.1:60066/devtools/browser/8f25565c-e982-43b1-9eb5-b85cc633229a
JavaScript warning: https://static.licdn.com/sc/h/2j5ibu4rxs73gt2v9jna8d5j4, line 1: WEBGL_debug_renderer_info is deprecated in Firefox and will be removed. Please use RENDERER.
JavaScript warning: https://static.licdn.com/sc/h/2j5ibu4rxs73gt2v9jna8d5j4, line 1: WEBGL_debug_renderer_info is deprecated in Firefox and will be removed. Please use RENDERER.
console.warn: LoginRecipes: "Falling back to a synchronous message for: https://www.linkedin.com."
console.warn: LoginRecipes: "Falling back to a synchronous message for: https://www.linkedin.com."
JavaScript warning: https://static.licdn.com/sc/h/1yjin2zgbvturkf6jyp2c3ehg, line 18952: unreachable code after return statement
JavaScript warning: https://static.licdn.com/sc/h/6q0y7ea057aa9pbq23it06hja, line 2578: unreachable code after return statement
1685254110741	Marionette	WARN	Ignoring event 'DOMContentLoaded' because document has an invalid readyState of 'complete'.
JavaScript warning: https://static.licdn.com/sc/h/ean56pz4lel3oi5kyriw305hq, line 1154: WEBGL_debug_renderer_info is deprecated in Firefox and will be removed. Please use RENDERER.
JavaScript warning: https://static.licdn.com/sc/h/ean56pz4lel3oi5kyriw305hq, line 1150: WEBGL_debug_renderer_info is deprecated in Firefox and will be removed. Please use RENDERER.
JavaScript warning: https://static.licdn.com/sc/h/1yjin2zgbvturkf6jyp2c3ehg, line 18952: unreachable code after return statement
JavaScript warning: https://static.licdn.com/sc/h/6q0y7ea057aa9pbq23it06hja, line 2578: unreachable code after return statement
JavaScript warning: https://static.licdn.com/sc/h/ean56pz4lel3oi5kyriw305hq, line 1154: WEBGL_debug_renderer_info is deprecated in Firefox and will be removed. Please use RENDERER.
JavaScript warning: https://static.licdn.com/sc/h/ean56pz4lel3oi5kyriw305hq, line 1150: WEBGL_debug_renderer_info is deprecated in Firefox and will be removed. Please use RENDERER.
1685254177176	geckodriver	INFO	Listening on 127.0.0.1:60235
1685254180224	mozrunner::runner	INFO	Running command: "C:\\Program Files\\Mozilla Firefox\\firefox.exe" "--marionette" "--remote-debugging-port" "60236" "--remote-allow-hosts" "localhost" "-no-remote" "-profile" "C:\\Users\\huuph\\AppData\\Local\\Temp\\rust_mozprofilefSFmRj"
console.warn: services.settings: Ignoring preference override of remote settings server
console.warn: services.settings: Allow by setting MOZ_REMOTE_SETTINGS_DEVTOOLS=1 in the environment
1685254180543	Marionette	INFO	Marionette enabled
Dynamically enable window occlusion 0
1685254180548	Marionette	INFO	Listening on port 60245
WebDriver BiDi listening on ws://127.0.0.1:60236
Read port: 60245
1685254180777	RemoteAgent	WARN	TLS certificate errors will be ignored for this session
[ERROR glean_core] Error setting metrics feature config: Json(Error("EOF while parsing a value", line: 1, column: 0))
DevTools listening on ws://127.0.0.1:60236/devtools/browser/9eb3cbc3-1456-4fbb-a948-0289a73e8b1c
JavaScript warning: https://static.licdn.com/sc/h/2j5ibu4rxs73gt2v9jna8d5j4, line 1: WEBGL_debug_renderer_info is deprecated in Firefox and will be removed. Please use RENDERER.
JavaScript warning: https://static.licdn.com/sc/h/2j5ibu4rxs73gt2v9jna8d5j4, line 1: WEBGL_debug_renderer_info is deprecated in Firefox and will be removed. Please use RENDERER.
console.warn: LoginRecipes: "Falling back to a synchronous message for: https://www.linkedin.com."
console.warn: LoginRecipes: "Falling back to a synchronous message for: https://www.linkedin.com."
JavaScript warning: https://static.licdn.com/sc/h/1yjin2zgbvturkf6jyp2c3ehg, line 18952: unreachable code after return statement
JavaScript warning: https://static.licdn.com/sc/h/6q0y7ea057aa9pbq23it06hja, line 2578: unreachable code after return statement
1685254196115	Marionette	WARN	Ignoring event 'DOMContentLoaded' because document has an invalid readyState of 'complete'.
1685254197597	Marionette	WARN	Ignoring event 'DOMContentLoaded' because document has an invalid readyState of 'complete'.
JavaScript warning: https://static.licdn.com/sc/h/ean56pz4lel3oi5kyriw305hq, line 1154: WEBGL_debug_renderer_info is deprecated in Firefox and will be removed. Please use RENDERER.
JavaScript warning: https://static.licdn.com/sc/h/ean56pz4lel3oi5kyriw305hq, line 1150: WEBGL_debug_renderer_info is deprecated in Firefox and will be removed. Please use RENDERER.
JavaScript warning: https://static.licdn.com/sc/h/1yjin2zgbvturkf6jyp2c3ehg, line 18952: unreachable code after return statement
JavaScript warning: https://static.licdn.com/sc/h/6q0y7ea057aa9pbq23it06hja, line 2578: unreachable code after return statement
JavaScript warning: https://static.licdn.com/sc/h/ean56pz4lel3oi5kyriw305hq, line 1154: WEBGL_debug_renderer_info is deprecated in Firefox and will be removed. Please use RENDERER.
JavaScript warning: https://static.licdn.com/sc/h/ean56pz4lel3oi5kyriw305hq, line 1150: WEBGL_debug_renderer_info is deprecated in Firefox and will be removed. Please use RENDERER.
1685254262561	geckodriver	INFO	Listening on 127.0.0.1:60434
1685254265590	mozrunner::runner	INFO	Running command: "C:\\Program Files\\Mozilla Firefox\\firefox.exe" "--marionette" "--remote-debugging-port" "60435" "--remote-allow-hosts" "localhost" "-no-remote" "-profile" "C:\\Users\\huuph\\AppData\\Local\\Temp\\rust_mozprofile72imEv"
console.warn: services.settings: Ignoring preference override of remote settings server
console.warn: services.settings: Allow by setting MOZ_REMOTE_SETTINGS_DEVTOOLS=1 in the environment
1685254266116	Marionette	INFO	Marionette enabled
Dynamically enable window occlusion 0
1685254266120	Marionette	INFO	Listening on port 60444
Read port: 60444
WebDriver BiDi listening on ws://127.0.0.1:60435
1685254266241	RemoteAgent	WARN	TLS certificate errors will be ignored for this session
[ERROR glean_core] Error setting metrics feature config: Json(Error("EOF while parsing a value", line: 1, column: 0))
DevTools listening on ws://127.0.0.1:60435/devtools/browser/b5929f0d-e123-430a-b913-f2017daa64ca
JavaScript warning: https://static.licdn.com/sc/h/2j5ibu4rxs73gt2v9jna8d5j4, line 1: WEBGL_debug_renderer_info is deprecated in Firefox and will be removed. Please use RENDERER.
JavaScript warning: https://static.licdn.com/sc/h/2j5ibu4rxs73gt2v9jna8d5j4, line 1: WEBGL_debug_renderer_info is deprecated in Firefox and will be removed. Please use RENDERER.
console.warn: LoginRecipes: "Falling back to a synchronous message for: https://www.linkedin.com."
console.warn: LoginRecipes: "Falling back to a synchronous message for: https://www.linkedin.com."
JavaScript warning: https://static.licdn.com/sc/h/1yjin2zgbvturkf6jyp2c3ehg, line 18952: unreachable code after return statement
JavaScript warning: https://static.licdn.com/sc/h/6q0y7ea057aa9pbq23it06hja, line 2578: unreachable code after return statement
1685254284266	Marionette	WARN	Ignoring event 'DOMContentLoaded' because document has an invalid readyState of 'complete'.
JavaScript warning: https://static.licdn.com/sc/h/ean56pz4lel3oi5kyriw305hq, line 1154: WEBGL_debug_renderer_info is deprecated in Firefox and will be removed. Please use RENDERER.
JavaScript warning: https://static.licdn.com/sc/h/ean56pz4lel3oi5kyriw305hq, line 1150: WEBGL_debug_renderer_info is deprecated in Firefox and will be removed. Please use RENDERER.
JavaScript warning: https://static.licdn.com/sc/h/1yjin2zgbvturkf6jyp2c3ehg, line 18952: unreachable code after return statement
JavaScript warning: https://static.licdn.com/sc/h/6q0y7ea057aa9pbq23it06hja, line 2578: unreachable code after return statement
JavaScript warning: https://static.licdn.com/sc/h/ean56pz4lel3oi5kyriw305hq, line 1154: WEBGL_debug_renderer_info is deprecated in Firefox and will be removed. Please use RENDERER.
JavaScript warning: https://static.licdn.com/sc/h/ean56pz4lel3oi5kyriw305hq, line 1150: WEBGL_debug_renderer_info is deprecated in Firefox and will be removed. Please use RENDERER.
1685254333339	geckodriver	INFO	Listening on 127.0.0.1:60606
1685254336364	mozrunner::runner	INFO	Running command: "C:\\Program Files\\Mozilla Firefox\\firefox.exe" "--marionette" "--remote-debugging-port" "60607" "--remote-allow-hosts" "localhost" "-no-remote" "-profile" "C:\\Users\\huuph\\AppData\\Local\\Temp\\rust_mozprofileEb8UEI"
console.warn: services.settings: Ignoring preference override of remote settings server
console.warn: services.settings: Allow by setting MOZ_REMOTE_SETTINGS_DEVTOOLS=1 in the environment
1685254336670	Marionette	INFO	Marionette enabled
Dynamically enable window occlusion 0
1685254336674	Marionette	INFO	Listening on port 60616
Read port: 60616
WebDriver BiDi listening on ws://127.0.0.1:60607
1685254336796	RemoteAgent	WARN	TLS certificate errors will be ignored for this session
[ERROR glean_core] Error setting metrics feature config: Json(Error("EOF while parsing a value", line: 1, column: 0))
DevTools listening on ws://127.0.0.1:60607/devtools/browser/424fe40c-729d-482b-8f55-5fdbb9ca8d47
JavaScript warning: https://static.licdn.com/sc/h/2j5ibu4rxs73gt2v9jna8d5j4, line 1: WEBGL_debug_renderer_info is deprecated in Firefox and will be removed. Please use RENDERER.
JavaScript warning: https://static.licdn.com/sc/h/2j5ibu4rxs73gt2v9jna8d5j4, line 1: WEBGL_debug_renderer_info is deprecated in Firefox and will be removed. Please use RENDERER.
console.warn: LoginRecipes: "Falling back to a synchronous message for: https://www.linkedin.com."
console.warn: LoginRecipes: "Falling back to a synchronous message for: https://www.linkedin.com."
JavaScript warning: https://static.licdn.com/sc/h/1yjin2zgbvturkf6jyp2c3ehg, line 18952: unreachable code after return statement
JavaScript warning: https://static.licdn.com/sc/h/6q0y7ea057aa9pbq23it06hja, line 2578: unreachable code after return statement
1685254353917	Marionette	WARN	Ignoring event 'DOMContentLoaded' because document has an invalid readyState of 'complete'.
JavaScript warning: https://static.licdn.com/sc/h/ean56pz4lel3oi5kyriw305hq, line 1154: WEBGL_debug_renderer_info is deprecated in Firefox and will be removed. Please use RENDERER.
JavaScript warning: https://static.licdn.com/sc/h/ean56pz4lel3oi5kyriw305hq, line 1150: WEBGL_debug_renderer_info is deprecated in Firefox and will be removed. Please use RENDERER.
JavaScript warning: https://static.licdn.com/sc/h/1yjin2zgbvturkf6jyp2c3ehg, line 18952: unreachable code after return statement
JavaScript warning: https://static.licdn.com/sc/h/6q0y7ea057aa9pbq23it06hja, line 2578: unreachable code after return statement
JavaScript warning: https://static.licdn.com/sc/h/ean56pz4lel3oi5kyriw305hq, line 1154: WEBGL_debug_renderer_info is deprecated in Firefox and will be removed. Please use RENDERER.
JavaScript warning: https://static.licdn.com/sc/h/ean56pz4lel3oi5kyriw305hq, line 1150: WEBGL_debug_renderer_info is deprecated in Firefox and will be removed. Please use RENDERER.
1685281686034	geckodriver	INFO	Listening on 127.0.0.1:63984
1685281689084	mozrunner::runner	INFO	Running command: "C:\\Program Files\\Mozilla Firefox\\firefox.exe" "--marionette" "--remote-debugging-port" "63985" "--remote-allow-hosts" "localhost" "-no-remote" "-profile" "C:\\Users\\huuph\\AppData\\Local\\Temp\\rust_mozprofileYlsf6y"
console.warn: services.settings: Ignoring preference override of remote settings server
console.warn: services.settings: Allow by setting MOZ_REMOTE_SETTINGS_DEVTOOLS=1 in the environment
1685281689799	Marionette	INFO	Marionette enabled
Dynamically enable window occlusion 0
1685281689804	Marionette	INFO	Listening on port 63994
Read port: 63994
WebDriver BiDi listening on ws://127.0.0.1:63985
1685281689952	RemoteAgent	WARN	TLS certificate errors will be ignored for this session
[ERROR glean_core] Error setting metrics feature config: Json(Error("EOF while parsing a value", line: 1, column: 0))
DevTools listening on ws://127.0.0.1:63985/devtools/browser/79f88147-a99a-4edc-b990-fa4acfc4c916
JavaScript warning: https://static.licdn.com/sc/h/2j5ibu4rxs73gt2v9jna8d5j4, line 1: WEBGL_debug_renderer_info is deprecated in Firefox and will be removed. Please use RENDERER.
JavaScript warning: https://static.licdn.com/sc/h/2j5ibu4rxs73gt2v9jna8d5j4, line 1: WEBGL_debug_renderer_info is deprecated in Firefox and will be removed. Please use RENDERER.
console.warn: LoginRecipes: "Falling back to a synchronous message for: https://www.linkedin.com."
console.warn: LoginRecipes: "Falling back to a synchronous message for: https://www.linkedin.com."
JavaScript warning: https://static.licdn.com/sc/h/1yjin2zgbvturkf6jyp2c3ehg, line 18952: unreachable code after return statement
JavaScript warning: https://static.licdn.com/sc/h/6q0y7ea057aa9pbq23it06hja, line 2578: unreachable code after return statement
1685281707221	Marionette	WARN	Ignoring event 'DOMContentLoaded' because document has an invalid readyState of 'complete'.
JavaScript warning: https://static.licdn.com/sc/h/ean56pz4lel3oi5kyriw305hq, line 1154: WEBGL_debug_renderer_info is deprecated in Firefox and will be removed. Please use RENDERER.
JavaScript warning: https://static.licdn.com/sc/h/ean56pz4lel3oi5kyriw305hq, line 1150: WEBGL_debug_renderer_info is deprecated in Firefox and will be removed. Please use RENDERER.
JavaScript warning: https://static.licdn.com/sc/h/1yjin2zgbvturkf6jyp2c3ehg, line 18952: unreachable code after return statement
JavaScript warning: https://static.licdn.com/sc/h/6q0y7ea057aa9pbq23it06hja, line 2578: unreachable code after return statement
JavaScript warning: https://static.licdn.com/sc/h/ean56pz4lel3oi5kyriw305hq, line 1154: WEBGL_debug_renderer_info is deprecated in Firefox and will be removed. Please use RENDERER.
JavaScript warning: https://static.licdn.com/sc/h/ean56pz4lel3oi5kyriw305hq, line 1150: WEBGL_debug_renderer_info is deprecated in Firefox and will be removed. Please use RENDERER.
1685281835184	geckodriver	INFO	Listening on 127.0.0.1:64202
1685281838231	mozrunner::runner	INFO	Running command: "C:\\Program Files\\Mozilla Firefox\\firefox.exe" "--marionette" "--remote-debugging-port" "64203" "--remote-allow-hosts" "localhost" "-no-remote" "-profile" "C:\\Users\\huuph\\AppData\\Local\\Temp\\rust_mozprofilenFxcYw"
console.warn: services.settings: Ignoring preference override of remote settings server
console.warn: services.settings: Allow by setting MOZ_REMOTE_SETTINGS_DEVTOOLS=1 in the environment
1685281838545	Marionette	INFO	Marionette enabled
Dynamically enable window occlusion 0
1685281838549	Marionette	INFO	Listening on port 64212
Read port: 64212
WebDriver BiDi listening on ws://127.0.0.1:64203
1685281838663	RemoteAgent	WARN	TLS certificate errors will be ignored for this session
[ERROR glean_core] Error setting metrics feature config: Json(Error("EOF while parsing a value", line: 1, column: 0))
DevTools listening on ws://127.0.0.1:64203/devtools/browser/bf725068-e4ea-40f6-a605-8a2c9aef49b8
JavaScript warning: https://static.licdn.com/sc/h/2j5ibu4rxs73gt2v9jna8d5j4, line 1: WEBGL_debug_renderer_info is deprecated in Firefox and will be removed. Please use RENDERER.
JavaScript warning: https://static.licdn.com/sc/h/2j5ibu4rxs73gt2v9jna8d5j4, line 1: WEBGL_debug_renderer_info is deprecated in Firefox and will be removed. Please use RENDERER.
console.warn: LoginRecipes: "Falling back to a synchronous message for: https://www.linkedin.com."
console.warn: LoginRecipes: "Falling back to a synchronous message for: https://www.linkedin.com."
JavaScript warning: https://static.licdn.com/sc/h/1yjin2zgbvturkf6jyp2c3ehg, line 18952: unreachable code after return statement
JavaScript warning: https://static.licdn.com/sc/h/6q0y7ea057aa9pbq23it06hja, line 2578: unreachable code after return statement
1685281855554	Marionette	WARN	Ignoring event 'DOMContentLoaded' because document has an invalid readyState of 'complete'.
JavaScript warning: https://static.licdn.com/sc/h/ean56pz4lel3oi5kyriw305hq, line 1154: WEBGL_debug_renderer_info is deprecated in Firefox and will be removed. Please use RENDERER.
JavaScript warning: https://static.licdn.com/sc/h/ean56pz4lel3oi5kyriw305hq, line 1150: WEBGL_debug_renderer_info is deprecated in Firefox and will be removed. Please use RENDERER.
JavaScript warning: https://static.licdn.com/sc/h/1yjin2zgbvturkf6jyp2c3ehg, line 18952: unreachable code after return statement
JavaScript warning: https://static.licdn.com/sc/h/6q0y7ea057aa9pbq23it06hja, line 2578: unreachable code after return statement
JavaScript warning: https://static.licdn.com/sc/h/ean56pz4lel3oi5kyriw305hq, line 1154: WEBGL_debug_renderer_info is deprecated in Firefox and will be removed. Please use RENDERER.
JavaScript warning: https://static.licdn.com/sc/h/ean56pz4lel3oi5kyriw305hq, line 1150: WEBGL_debug_renderer_info is deprecated in Firefox and will be removed. Please use RENDERER.
[Child 4796, Main Thread] WARNING: JSWindowActorChild::SendRawMessage (Conduits, ConduitClosed) not sent: !CanSend() || !mManager || !mManager->CanSend(): file /builds/worker/checkouts/gecko/dom/ipc/jsactor/JSWindowActorChild.cpp:57
[Child 4796, Main Thread] WARNING: JSWindowActorChild::SendRawMessage (Conduits, ConduitClosed) not sent: !CanSend() || !mManager || !mManager->CanSend(): file /builds/worker/checkouts/gecko/dom/ipc/jsactor/JSWindowActorChild.cpp:57
[Child 4796, Main Thread] WARNING: JSWindowActorChild::SendRawMessage (Conduits, ConduitClosed) not sent: !CanSend() || !mManager || !mManager->CanSend(): file /builds/worker/checkouts/gecko/dom/ipc/jsactor/JSWindowActorChild.cpp:57
[Child 4796, Main Thread] WARNING: JSWindowActorChild::SendRawMessage (Conduits, ConduitClosed) not sent: !CanSend() || !mManager || !mManager->CanSend(): file /builds/worker/checkouts/gecko/dom/ipc/jsactor/JSWindowActorChild.cpp:57
[Child 4796, Main Thread] WARNING: JSWindowActorChild::SendRawMessage (Conduits, ConduitClosed) not sent: !CanSend() || !mManager || !mManager->CanSend(): file /builds/worker/checkouts/gecko/dom/ipc/jsactor/JSWindowActorChild.cpp:57
[Child 4796, Main Thread] WARNING: JSWindowActorChild::SendRawMessage (Conduits, ConduitClosed) not sent: !CanSend() || !mManager || !mManager->CanSend(): file /builds/worker/checkouts/gecko/dom/ipc/jsactor/JSWindowActorChild.cpp:57
[Child 4796, Main Thread] WARNING: JSWindowActorChild::SendRawMessage (Conduits, ConduitClosed) not sent: !CanSend() || !mManager || !mManager->CanSend(): file /builds/worker/checkouts/gecko/dom/ipc/jsactor/JSWindowActorChild.cpp:57
[Child 4796, Main Thread] WARNING: JSWindowActorChild::SendRawMessage (Conduits, ConduitClosed) not sent: !CanSend() || !mManager || !mManager->CanSend(): file /builds/worker/checkouts/gecko/dom/ipc/jsactor/JSWindowActorChild.cpp:57
1685282615871	Marionette	INFO	Stopped listening on port 64212
Dynamically enable window occlusion 1
ete'.
JavaScript warning: https://static.licdn.com/sc/h/ean56pz4lel3oi5kyriw305hq, line 1154: WEBGL_debug_renderer_info is deprecated in Firefox and will be removed. Please use RENDERER.
JavaScript warning: https://static.licdn.com/sc/h/ean56pz4lel3oi5kyriw305hq, line 1150: WEBGL_debug_renderer_info is deprecated in Firefox and will be removed. Please use RENDERER.
JavaScript warning: https://static.licdn.com/sc/h/1yjin2zgbvturkf6jyp2c3ehg, line 18952: unreachable code after return statement
JavaScript warning: https://static.licdn.com/sc/h/6q0y7ea057aa9pbq23it06hja, line 2578: unreachable code after return statement
JavaScript warning: https://static.licdn.com/sc/h/ean56pz4lel3oi5kyriw305hq, line 1154: WEBGL_debug_renderer_info is deprecated in Firefox and will be removed. Please use RENDERER.
JavaScript warning: https://static.licdn.com/sc/h/ean56pz4lel3oi5kyriw305hq, line 1150: WEBGL_debug_renderer_info is deprecated in Firefox and will be removed. Please use RENDERER.
JavaScript warning: https://static.licdn.com/sc/h/1yjin2zgbvturkf6jyp2c3ehg, line 18952: unreachable code after return statement
JavaScript warning: https://static.licdn.com/sc/h/6q0y7ea057aa9pbq23it06hja, line 2578: unreachable code after return statement
JavaScript warning: https://static.licdn.com/sc/h/ean56pz4lel3oi5kyriw305hq, line 1154: WEBGL_debug_renderer_info is deprecated in Firefox and will be removed. Please use RENDERER.
JavaScript warning: https://static.licdn.com/sc/h/ean56pz4lel3oi5kyriw305hq, line 1150: WEBGL_debug_renderer_info is deprecated in Firefox and will be removed. Please use RENDERER.
JavaScript warning: https://static.licdn.com/sc/h/1yjin2zgbvturkf6jyp2c3ehg, line 18952: unreachable code after return statement
JavaScript warning: https://static.licdn.com/sc/h/6q0y7ea057aa9pbq23it06hja, line 2578: unreachable code after return statement
JavaScript warning: https://static.licdn.com/sc/h/ean56pz4lel3oi5kyriw305hq, line 1154: WEBGL_debug_renderer_info is deprecated in Firefox and will be removed. Please use RENDERER.
JavaScript warning: https://static.licdn.com/sc/h/ean56pz4lel3oi5kyriw305hq, line 1150: WEBGL_debug_renderer_info is deprecated in Firefox and will be removed. Please use RENDERER.
JavaScript warning: https://static.licdn.com/sc/h/ean56pz4lel3oi5kyriw305hq, line 1154: WEBGL_debug_renderer_info is deprecated in Firefox and will be removed. Please use RENDERER.
JavaScript warning: https://static.licdn.com/sc/h/ean56pz4lel3oi5kyriw305hq, line 1150: WEBGL_debug_renderer_info is deprecated in Firefox and will be removed. Please use RENDERER.
JavaScript warning: https://static.licdn.com/sc/h/ean56pz4lel3oi5kyriw305hq, line 1154: WEBGL_debug_renderer_info is deprecated in Firefox and will be removed. Please use RENDERER.
JavaScript warning: https://static.licdn.com/sc/h/ean56pz4lel3oi5kyriw305hq, line 1150: WEBGL_debug_renderer_info is deprecated in Firefox and will be removed. Please use RENDERER.
[Child 14560, Main Thread] WARNING: JSWindowActorChild::SendRawMessage (Conduits, ConduitClosed) not sent: !CanSend() || !mManager || !mManager->CanSend(): file /builds/worker/checkouts/gecko/dom/ipc/jsactor/JSWindowActorChild.cpp:57
[Child 14560, Main Thread] WARNING: JSWindowActorChild::SendRawMessage (Conduits, ConduitClosed) not sent: !CanSend() || !mManager || !mManager->CanSend(): file /builds/worker/checkouts/gecko/dom/ipc/jsactor/JSWindowActorChild.cpp:57
[Child 14560, Main Thread] WARNING: JSWindowActorChild::SendRawMessage (Conduits, ConduitClosed) not sent: !CanSend() || !mManager || !mManager->CanSend(): file /builds/worker/checkouts/gecko/dom/ipc/jsactor/JSWindowActorChild.cpp:57
[Child 14560, Main Thread] WARNING: JSWindowActorChild::SendRawMessage (Conduits, ConduitClosed) not sent: !CanSend() || !mManager || !mManager->CanSend(): file /builds/worker/checkouts/gecko/dom/ipc/jsactor/JSWindowActorChild.cpp:57
[Child 14560, Main Thread] WARNING: JSWindowActorChild::SendRawMessage (Conduits, ConduitClosed) not sent: !CanSend() || !mManager || !mManager->CanSend(): file /builds/worker/checkouts/gecko/dom/ipc/jsactor/JSWindowActorChild.cpp:57
[Child 14560, Main Thread] WARNING: JSWindowActorChild::SendRawMessage (Conduits, ConduitClosed) not sent: !CanSend() || !mManager || !mManager->CanSend(): file /builds/worker/checkouts/gecko/dom/ipc/jsactor/JSWindowActorChild.cpp:57
[Child 14560, Main Thread] WARNING: JSWindowActorChild::SendRawMessage (Conduits, ConduitClosed) not sent: !CanSend() || !mManager || !mManager->CanSend(): file /builds/worker/checkouts/gecko/dom/ipc/jsactor/JSWindowActorChild.cpp:57
[Child 14560, Main Thread] WARNING: JSWindowActorChild::SendRawMessage (Conduits, ConduitClosed) not sent: !CanSend() || !mManager || !mManager->CanSend(): file /builds/worker/checkouts/gecko/dom/ipc/jsactor/JSWindowActorChild.cpp:57
1685282614551	Marionette	INFO	Stopped listening on port 64428
Dynamically enable window occlusion 1
avaScript warning: https://static.licdn.com/sc/h/ean56pz4lel3oi5kyriw305hq, line 1154: WEBGL_debug_renderer_info is deprecated in Firefox and will be removed. Please use RENDERER.
JavaScript warning: https://static.licdn.com/sc/h/ean56pz4lel3oi5kyriw305hq, line 1150: WEBGL_debug_renderer_info is deprecated in Firefox and will be removed. Please use RENDERER.
JavaScript warning: https://static.licdn.com/sc/h/1yjin2zgbvturkf6jyp2c3ehg, line 18952: unreachable code after return statement
JavaScript warning: https://static.licdn.com/sc/h/6q0y7ea057aa9pbq23it06hja, line 2578: unreachable code after return statement
JavaScript warning: https://static.licdn.com/sc/h/ean56pz4lel3oi5kyriw305hq, line 1154: WEBGL_debug_renderer_info is deprecated in Firefox and will be removed. Please use RENDERER.
JavaScript warning: https://static.licdn.com/sc/h/ean56pz4lel3oi5kyriw305hq, line 1150: WEBGL_debug_renderer_info is deprecated in Firefox and will be removed. Please use RENDERER.
JavaScript warning: https://static.licdn.com/sc/h/1yjin2zgbvturkf6jyp2c3ehg, line 18952: unreachable code after return statement
JavaScript warning: https://static.licdn.com/sc/h/6q0y7ea057aa9pbq23it06hja, line 2578: unreachable code after return statement
JavaScript warning: https://static.licdn.com/sc/h/ean56pz4lel3oi5kyriw305hq, line 1154: WEBGL_debug_renderer_info is deprecated in Firefox and will be removed. Please use RENDERER.
JavaScript warning: https://static.licdn.com/sc/h/ean56pz4lel3oi5kyriw305hq, line 1150: WEBGL_debug_renderer_info is deprecated in Firefox and will be removed. Please use RENDERER.
JavaScript warning: https://static.licdn.com/sc/h/1yjin2zgbvturkf6jyp2c3ehg, line 18952: unreachable code after return statement
JavaScript warning: https://static.licdn.com/sc/h/6q0y7ea057aa9pbq23it06hja, line 2578: unreachable code after return statement
JavaScript warning: https://static.licdn.com/sc/h/ean56pz4lel3oi5kyriw305hq, line 1154: WEBGL_debug_renderer_info is deprecated in Firefox and will be removed. Please use RENDERER.
JavaScript warning: https://static.licdn.com/sc/h/ean56pz4lel3oi5kyriw305hq, line 1150: WEBGL_debug_renderer_info is deprecated in Firefox and will be removed. Please use RENDERER.
JavaScript warning: https://static.licdn.com/sc/h/ean56pz4lel3oi5kyriw305hq, line 1154: WEBGL_debug_renderer_info is deprecated in Firefox and will be removed. Please use RENDERER.
JavaScript warning: https://static.licdn.com/sc/h/ean56pz4lel3oi5kyriw305hq, line 1150: WEBGL_debug_renderer_info is deprecated in Firefox and will be removed. Please use RENDERER.
JavaScript warning: https://static.licdn.com/sc/h/ean56pz4lel3oi5kyriw305hq, line 1154: WEBGL_debug_renderer_info is deprecated in Firefox and will be removed. Please use RENDERER.
JavaScript warning: https://static.licdn.com/sc/h/ean56pz4lel3oi5kyriw305hq, line 1150: WEBGL_debug_renderer_info is deprecated in Firefox and will be removed. Please use RENDERER.
[Child 8800, Main Thread] WARNING: JSWindowActorChild::SendRawMessage (Conduits, ConduitClosed) not sent: !CanSend() || !mManager || !mManager->CanSend(): file /builds/worker/checkouts/gecko/dom/ipc/jsactor/JSWindowActorChild.cpp:57
[Child 8800, Main Thread] WARNING: JSWindowActorChild::SendRawMessage (Conduits, ConduitClosed) not sent: !CanSend() || !mManager || !mManager->CanSend(): file /builds/worker/checkouts/gecko/dom/ipc/jsactor/JSWindowActorChild.cpp:57
[Child 8800, Main Thread] WARNING: JSWindowActorChild::SendRawMessage (Conduits, ConduitClosed) not sent: !CanSend() || !mManager || !mManager->CanSend(): file /builds/worker/checkouts/gecko/dom/ipc/jsactor/JSWindowActorChild.cpp:57
[Child 8800, Main Thread] WARNING: JSWindowActorChild::SendRawMessage (Conduits, ConduitClosed) not sent: !CanSend() || !mManager || !mManager->CanSend(): file /builds/worker/checkouts/gecko/dom/ipc/jsactor/JSWindowActorChild.cpp:57
[Child 8800, Main Thread] WARNING: JSWindowActorChild::SendRawMessage (Conduits, ConduitClosed) not sent: !CanSend() || !mManager || !mManager->CanSend(): file /builds/worker/checkouts/gecko/dom/ipc/jsactor/JSWindowActorChild.cpp:57
[Child 8800, Main Thread] WARNING: JSWindowActorChild::SendRawMessage (Conduits, ConduitClosed) not sent: !CanSend() || !mManager || !mManager->CanSend(): file /builds/worker/checkouts/gecko/dom/ipc/jsactor/JSWindowActorChild.cpp:57
[Child 8800, Main Thread] WARNING: JSWindowActorChild::SendRawMessage (Conduits, ConduitClosed) not sent: !CanSend() || !mManager || !mManager->CanSend(): file /builds/worker/checkouts/gecko/dom/ipc/jsactor/JSWindowActorChild.cpp:57
[Child 8800, Main Thread] WARNING: JSWindowActorChild::SendRawMessage (Conduits, ConduitClosed) not sent: !CanSend() || !mManager || !mManager->CanSend(): file /builds/worker/checkouts/gecko/dom/ipc/jsactor/JSWindowActorChild.cpp:57
1685282616870	Marionette	INFO	Stopped listening on port 64954
Dynamically enable window occlusion 1
1685282646100	geckodriver	INFO	Listening on 127.0.0.1:65161
1685282649168	mozrunner::runner	INFO	Running command: "C:\\Program Files\\Mozilla Firefox\\firefox.exe" "--marionette" "--remote-debugging-port" "65162" "--remote-allow-hosts" "localhost" "-no-remote" "-profile" "C:\\Users\\huuph\\AppData\\Local\\Temp\\rust_mozprofileCDbam3"
console.warn: services.settings: Ignoring preference override of remote settings server
console.warn: services.settings: Allow by setting MOZ_REMOTE_SETTINGS_DEVTOOLS=1 in the environment
1685282649712	Marionette	INFO	Marionette enabled
Dynamically enable window occlusion 0
1685282649716	Marionette	INFO	Listening on port 65171
Read port: 65171
WebDriver BiDi listening on ws://127.0.0.1:65162
1685282649834	RemoteAgent	WARN	TLS certificate errors will be ignored for this session
[ERROR glean_core] Error setting metrics feature config: Json(Error("EOF while parsing a value", line: 1, column: 0))
DevTools listening on ws://127.0.0.1:65162/devtools/browser/828f54f7-5aeb-469c-ab21-27e8b6c96ac2
JavaScript warning: https://static.licdn.com/sc/h/2j5ibu4rxs73gt2v9jna8d5j4, line 1: WEBGL_debug_renderer_info is deprecated in Firefox and will be removed. Please use RENDERER.
JavaScript warning: https://static.licdn.com/sc/h/2j5ibu4rxs73gt2v9jna8d5j4, line 1: WEBGL_debug_renderer_info is deprecated in Firefox and will be removed. Please use RENDERER.
console.warn: LoginRecipes: "Falling back to a synchronous message for: https://www.linkedin.com."
console.warn: LoginRecipes: "Falling back to a synchronous message for: https://www.linkedin.com."
JavaScript warning: https://static.licdn.com/sc/h/1yjin2zgbvturkf6jyp2c3ehg, line 18952: unreachable code after return statement
JavaScript warning: https://static.licdn.com/sc/h/6q0y7ea057aa9pbq23it06hja, line 2578: unreachable code after return statement
1685282666779	Marionette	WARN	Ignoring event 'DOMContentLoaded' because document has an invalid readyState of 'complete'.
JavaScript warning: https://static.licdn.com/sc/h/ean56pz4lel3oi5kyriw305hq, line 1154: WEBGL_debug_renderer_info is deprecated in Firefox and will be removed. Please use RENDERER.
JavaScript warning: https://static.licdn.com/sc/h/ean56pz4lel3oi5kyriw305hq, line 1150: WEBGL_debug_renderer_info is deprecated in Firefox and will be removed. Please use RENDERER.
JavaScript warning: https://static.licdn.com/sc/h/1yjin2zgbvturkf6jyp2c3ehg, line 18952: unreachable code after return statement
JavaScript warning: https://static.licdn.com/sc/h/6q0y7ea057aa9pbq23it06hja, line 2578: unreachable code after return statement
JavaScript warning: https://static.licdn.com/sc/h/ean56pz4lel3oi5kyriw305hq, line 1154: WEBGL_debug_renderer_info is deprecated in Firefox and will be removed. Please use RENDERER.
JavaScript warning: https://static.licdn.com/sc/h/ean56pz4lel3oi5kyriw305hq, line 1150: WEBGL_debug_renderer_info is deprecated in Firefox and will be removed. Please use RENDERER.
1685282769478	geckodriver	INFO	Listening on 127.0.0.1:65395
1685282772544	mozrunner::runner	INFO	Running command: "C:\\Program Files\\Mozilla Firefox\\firefox.exe" "--marionette" "--remote-debugging-port" "65396" "--remote-allow-hosts" "localhost" "-no-remote" "-profile" "C:\\Users\\huuph\\AppData\\Local\\Temp\\rust_mozprofileh7OCQ5"
console.warn: services.settings: Ignoring preference override of remote settings server
console.warn: services.settings: Allow by setting MOZ_REMOTE_SETTINGS_DEVTOOLS=1 in the environment
1685282772863	Marionette	INFO	Marionette enabled
Dynamically enable window occlusion 0
1685282772868	Marionette	INFO	Listening on port 65407
Read port: 65407
WebDriver BiDi listening on ws://127.0.0.1:65396
1685282772994	RemoteAgent	WARN	TLS certificate errors will be ignored for this session
[ERROR glean_core] Error setting metrics feature config: Json(Error("EOF while parsing a value", line: 1, column: 0))
DevTools listening on ws://127.0.0.1:65396/devtools/browser/94a15ba0-6821-473c-8f2a-0e020a83f22d
JavaScript warning: https://static.licdn.com/sc/h/2j5ibu4rxs73gt2v9jna8d5j4, line 1: WEBGL_debug_renderer_info is deprecated in Firefox and will be removed. Please use RENDERER.
JavaScript warning: https://static.licdn.com/sc/h/2j5ibu4rxs73gt2v9jna8d5j4, line 1: WEBGL_debug_renderer_info is deprecated in Firefox and will be removed. Please use RENDERER.
console.warn: LoginRecipes: "Falling back to a synchronous message for: https://www.linkedin.com."
console.warn: LoginRecipes: "Falling back to a synchronous message for: https://www.linkedin.com."
JavaScript warning: https://static.licdn.com/sc/h/1yjin2zgbvturkf6jyp2c3ehg, line 18952: unreachable code after return statement
JavaScript warning: https://static.licdn.com/sc/h/6q0y7ea057aa9pbq23it06hja, line 2578: unreachable code after return statement
1685282790286	Marionette	WARN	Ignoring event 'DOMContentLoaded' because document has an invalid readyState of 'complete'.
JavaScript warning: https://static.licdn.com/sc/h/ean56pz4lel3oi5kyriw305hq, line 1154: WEBGL_debug_renderer_info is deprecated in Firefox and will be removed. Please use RENDERER.
JavaScript warning: https://static.licdn.com/sc/h/ean56pz4lel3oi5kyriw305hq, line 1150: WEBGL_debug_renderer_info is deprecated in Firefox and will be removed. Please use RENDERER.
JavaScript warning: https://static.licdn.com/sc/h/1yjin2zgbvturkf6jyp2c3ehg, line 18952: unreachable code after return statement
JavaScript warning: https://static.licdn.com/sc/h/6q0y7ea057aa9pbq23it06hja, line 2578: unreachable code after return statement
JavaScript warning: https://static.licdn.com/sc/h/ean56pz4lel3oi5kyriw305hq, line 1154: WEBGL_debug_renderer_info is deprecated in Firefox and will be removed. Please use RENDERER.
JavaScript warning: https://static.licdn.com/sc/h/ean56pz4lel3oi5kyriw305hq, line 1150: WEBGL_debug_renderer_info is deprecated in Firefox and will be removed. Please use RENDERER.
JavaScript warning: https://static.licdn.com/sc/h/1yjin2zgbvturkf6jyp2c3ehg, line 18952: unreachable code after return statement
JavaScript warning: https://static.licdn.com/sc/h/6q0y7ea057aa9pbq23it06hja, line 2578: unreachable code after return statement
JavaScript warning: https://static.licdn.com/sc/h/ean56pz4lel3oi5kyriw305hq, line 1154: WEBGL_debug_renderer_info is deprecated in Firefox and will be removed. Please use RENDERER.
JavaScript warning: https://static.licdn.com/sc/h/ean56pz4lel3oi5kyriw305hq, line 1150: WEBGL_debug_renderer_info is deprecated in Firefox and will be removed. Please use RENDERER.
JavaScript warning: https://static.licdn.com/sc/h/1yjin2zgbvturkf6jyp2c3ehg, line 18952: unreachable code after return statement
JavaScript warning: https://static.licdn.com/sc/h/6q0y7ea057aa9pbq23it06hja, line 2578: unreachable code after return statement
JavaScript warning: https://static.licdn.com/sc/h/ean56pz4lel3oi5kyriw305hq, line 1154: WEBGL_debug_renderer_info is deprecated in Firefox and will be removed. Please use RENDERER.
JavaScript warning: https://static.licdn.com/sc/h/ean56pz4lel3oi5kyriw305hq, line 1150: WEBGL_debug_renderer_info is deprecated in Firefox and will be removed. Please use RENDERER.
JavaScript warning: https://static.licdn.com/sc/h/ean56pz4lel3oi5kyriw305hq, line 1154: WEBGL_debug_renderer_info is deprecated in Firefox and will be removed. Please use RENDERER.
JavaScript warning: https://static.licdn.com/sc/h/ean56pz4lel3oi5kyriw305hq, line 1150: WEBGL_debug_renderer_info is deprecated in Firefox and will be removed. Please use RENDERER.
JavaScript warning: https://static.licdn.com/sc/h/ean56pz4lel3oi5kyriw305hq, line 1154: WEBGL_debug_renderer_info is deprecated in Firefox and will be removed. Please use RENDERER.
JavaScript warning: https://static.licdn.com/sc/h/ean56pz4lel3oi5kyriw305hq, line 1150: WEBGL_debug_renderer_info is deprecated in Firefox and will be removed. Please use RENDERER.
JavaScript warning: https://static.licdn.com/sc/h/ean56pz4lel3oi5kyriw305hq, line 1154: WEBGL_debug_renderer_info is deprecated in Firefox and will be removed. Please use RENDERER.
JavaScript warning: https://static.licdn.com/sc/h/ean56pz4lel3oi5kyriw305hq, line 1150: WEBGL_debug_renderer_info is deprecated in Firefox and will be removed. Please use RENDERER.
JavaScript warning: https://static.licdn.com/sc/h/ean56pz4lel3oi5kyriw305hq, line 1154: WEBGL_debug_renderer_info is deprecated in Firefox and will be removed. Please use RENDERER.
JavaScript warning: https://static.licdn.com/sc/h/ean56pz4lel3oi5kyriw305hq, line 1150: WEBGL_debug_renderer_info is deprecated in Firefox and will be removed. Please use RENDERER.
JavaScript warning: https://static.licdn.com/sc/h/ean56pz4lel3oi5kyriw305hq, line 1154: WEBGL_debug_renderer_info is deprecated in Firefox and will be removed. Please use RENDERER.
JavaScript warning: https://static.licdn.com/sc/h/ean56pz4lel3oi5kyriw305hq, line 1150: WEBGL_debug_renderer_info is deprecated in Firefox and will be removed. Please use RENDERER.
1685284036727	geckodriver	INFO	Listening on 127.0.0.1:50132
1685284039773	mozrunner::runner	INFO	Running command: "C:\\Program Files\\Mozilla Firefox\\firefox.exe" "--marionette" "--remote-debugging-port" "50133" "--remote-allow-hosts" "localhost" "-no-remote" "-profile" "C:\\Users\\huuph\\AppData\\Local\\Temp\\rust_mozprofileXvHdyG"
console.warn: services.settings: Ignoring preference override of remote settings server
console.warn: services.settings: Allow by setting MOZ_REMOTE_SETTINGS_DEVTOOLS=1 in the environment
1685284040075	Marionette	INFO	Marionette enabled
Dynamically enable window occlusion 0
1685284040079	Marionette	INFO	Listening on port 50142
Read port: 50142
WebDriver BiDi listening on ws://127.0.0.1:50133
1685284040197	RemoteAgent	WARN	TLS certificate errors will be ignored for this session
[ERROR glean_core] Error setting metrics feature config: Json(Error("EOF while parsing a value", line: 1, column: 0))
DevTools listening on ws://127.0.0.1:50133/devtools/browser/70efd960-5bb4-4115-9cec-5155eb7d099a
JavaScript warning: https://static.licdn.com/sc/h/2j5ibu4rxs73gt2v9jna8d5j4, line 1: WEBGL_debug_renderer_info is deprecated in Firefox and will be removed. Please use RENDERER.
JavaScript warning: https://static.licdn.com/sc/h/2j5ibu4rxs73gt2v9jna8d5j4, line 1: WEBGL_debug_renderer_info is deprecated in Firefox and will be removed. Please use RENDERER.
console.warn: LoginRecipes: "Falling back to a synchronous message for: https://www.linkedin.com."
console.warn: LoginRecipes: "Falling back to a synchronous message for: https://www.linkedin.com."
JavaScript warning: https://static.licdn.com/sc/h/1yjin2zgbvturkf6jyp2c3ehg, line 18952: unreachable code after return statement
JavaScript warning: https://static.licdn.com/sc/h/6q0y7ea057aa9pbq23it06hja, line 2578: unreachable code after return statement
1685284057192	Marionette	WARN	Ignoring event 'DOMContentLoaded' because document has an invalid readyState of 'complete'.
JavaScript warning: https://static.licdn.com/sc/h/ean56pz4lel3oi5kyriw305hq, line 1154: WEBGL_debug_renderer_info is deprecated in Firefox and will be removed. Please use RENDERER.
JavaScript warning: https://static.licdn.com/sc/h/ean56pz4lel3oi5kyriw305hq, line 1150: WEBGL_debug_renderer_info is deprecated in Firefox and will be removed. Please use RENDERER.
JavaScript warning: https://static.licdn.com/sc/h/1yjin2zgbvturkf6jyp2c3ehg, line 18952: unreachable code after return statement
JavaScript warning: https://static.licdn.com/sc/h/6q0y7ea057aa9pbq23it06hja, line 2578: unreachable code after return statement
JavaScript warning: https://static.licdn.com/sc/h/ean56pz4lel3oi5kyriw305hq, line 1154: WEBGL_debug_renderer_info is deprecated in Firefox and will be removed. Please use RENDERER.
JavaScript warning: https://static.licdn.com/sc/h/ean56pz4lel3oi5kyriw305hq, line 1150: WEBGL_debug_renderer_info is deprecated in Firefox and will be removed. Please use RENDERER.
JavaScript warning: https://static.licdn.com/sc/h/1yjin2zgbvturkf6jyp2c3ehg, line 18952: unreachable code after return statement
JavaScript warning: https://static.licdn.com/sc/h/6q0y7ea057aa9pbq23it06hja, line 2578: unreachable code after return statement
JavaScript warning: https://static.licdn.com/sc/h/ean56pz4lel3oi5kyriw305hq, line 1154: WEBGL_debug_renderer_info is deprecated in Firefox and will be removed. Please use RENDERER.
JavaScript warning: https://static.licdn.com/sc/h/ean56pz4lel3oi5kyriw305hq, line 1150: WEBGL_debug_renderer_info is deprecated in Firefox and will be removed. Please use RENDERER.
JavaScript warning: https://static.licdn.com/sc/h/1yjin2zgbvturkf6jyp2c3ehg, line 18952: unreachable code after return statement
JavaScript warning: https://static.licdn.com/sc/h/6q0y7ea057aa9pbq23it06hja, line 2578: unreachable code after return statement
JavaScript warning: https://static.licdn.com/sc/h/ean56pz4lel3oi5kyriw305hq, line 1154: WEBGL_debug_renderer_info is deprecated in Firefox and will be removed. Please use RENDERER.
JavaScript warning: https://static.licdn.com/sc/h/ean56pz4lel3oi5kyriw305hq, line 1150: WEBGL_debug_renderer_info is deprecated in Firefox and will be removed. Please use RENDERER.
JavaScript error: https://static.licdn.com/sc/h/1yjin2zgbvturkf6jyp2c3ehg, line 6990: GraphQLQueryError: GraphQL request failed for query voyagerJobsDashJobCards.4a84b0afc62cfb430929544047806b95. The 'errors' property of the error contains more details regarding the exact problem.
JavaScript warning: https://static.licdn.com/sc/h/ean56pz4lel3oi5kyriw305hq, line 1154: WEBGL_debug_renderer_info is deprecated in Firefox and will be removed. Please use RENDERER.
JavaScript warning: https://static.licdn.com/sc/h/ean56pz4lel3oi5kyriw305hq, line 1150: WEBGL_debug_renderer_info is deprecated in Firefox and will be removed. Please use RENDERER.
JavaScript warning: https://static.licdn.com/sc/h/ean56pz4lel3oi5kyriw305hq, line 1154: WEBGL_debug_renderer_info is deprecated in Firefox and will be removed. Please use RENDERER.
JavaScript warning: https://static.licdn.com/sc/h/ean56pz4lel3oi5kyriw305hq, line 1150: WEBGL_debug_renderer_info is deprecated in Firefox and will be removed. Please use RENDERER.
JavaScript error: , line 0: uncaught exception: Object
JavaScript warning: https://static.licdn.com/sc/h/ean56pz4lel3oi5kyriw305hq, line 1154: WEBGL_debug_renderer_info is deprecated in Firefox and will be removed. Please use RENDERER.
JavaScript warning: https://static.licdn.com/sc/h/ean56pz4lel3oi5kyriw305hq, line 1150: WEBGL_debug_renderer_info is deprecated in Firefox and will be removed. Please use RENDERER.
JavaScript warning: https://static.licdn.com/sc/h/ean56pz4lel3oi5kyriw305hq, line 1154: WEBGL_debug_renderer_info is deprecated in Firefox and will be removed. Please use RENDERER.
JavaScript warning: https://static.licdn.com/sc/h/ean56pz4lel3oi5kyriw305hq, line 1150: WEBGL_debug_renderer_info is deprecated in Firefox and will be removed. Please use RENDERER.
JavaScript error: https://static.licdn.com/sc/h/1yjin2zgbvturkf6jyp2c3ehg, line 6990: GraphQLQueryError: GraphQL request failed for query voyagerJobsDashJobCards.4a84b0afc62cfb430929544047806b95. The 'errors' property of the error contains more details regarding the exact problem.
JavaScript warning: https://static.licdn.com/sc/h/ean56pz4lel3oi5kyriw305hq, line 1154: WEBGL_debug_renderer_info is deprecated in Firefox and will be removed. Please use RENDERER.
JavaScript warning: https://static.licdn.com/sc/h/ean56pz4lel3oi5kyriw305hq, line 1150: WEBGL_debug_renderer_info is deprecated in Firefox and will be removed. Please use RENDERER.
JavaScript error: , line 0: uncaught exception: Object
JavaScript warning: https://static.licdn.com/sc/h/ean56pz4lel3oi5kyriw305hq, line 1154: WEBGL_debug_renderer_info is deprecated in Firefox and will be removed. Please use RENDERER.
JavaScript warning: https://static.licdn.com/sc/h/ean56pz4lel3oi5kyriw305hq, line 1150: WEBGL_debug_renderer_info is deprecated in Firefox and will be removed. Please use RENDERER.
JavaScript error: , line 0: uncaught exception: Object
JavaScript warning: https://static.licdn.com/sc/h/ean56pz4lel3oi5kyriw305hq, line 1154: WEBGL_debug_renderer_info is deprecated in Firefox and will be removed. Please use RENDERER.
JavaScript warning: https://static.licdn.com/sc/h/ean56pz4lel3oi5kyriw305hq, line 1150: WEBGL_debug_renderer_info is deprecated in Firefox and will be removed. Please use RENDERER.
JavaScript error: , line 0: uncaught exception: Object
JavaScript warning: https://static.licdn.com/sc/h/ean56pz4lel3oi5kyriw305hq, line 1154: WEBGL_debug_renderer_info is deprecated in Firefox and will be removed. Please use RENDERER.
JavaScript warning: https://static.licdn.com/sc/h/ean56pz4lel3oi5kyriw305hq, line 1150: WEBGL_debug_renderer_info is deprecated in Firefox and will be removed. Please use RENDERER.
JavaScript error: , line 0: uncaught exception: Object
JavaScript warning: https://static.licdn.com/sc/h/ean56pz4lel3oi5kyriw305hq, line 1154: WEBGL_debug_renderer_info is deprecated in Firefox and will be removed. Please use RENDERER.
JavaScript warning: https://static.licdn.com/sc/h/ean56pz4lel3oi5kyriw305hq, line 1150: WEBGL_debug_renderer_info is deprecated in Firefox and will be removed. Please use RENDERER.
JavaScript error: , line 0: uncaught exception: Object
JavaScript warning: https://static.licdn.com/sc/h/ean56pz4lel3oi5kyriw305hq, line 1154: WEBGL_debug_renderer_info is deprecated in Firefox and will be removed. Please use RENDERER.
JavaScript warning: https://static.licdn.com/sc/h/ean56pz4lel3oi5kyriw305hq, line 1150: WEBGL_debug_renderer_info is deprecated in Firefox and will be removed. Please use RENDERER.
JavaScript error: , line 0: uncaught exception: Object
JavaScript warning: https://static.licdn.com/sc/h/ean56pz4lel3oi5kyriw305hq, line 1154: WEBGL_debug_renderer_info is deprecated in Firefox and will be removed. Please use RENDERER.
JavaScript warning: https://static.licdn.com/sc/h/ean56pz4lel3oi5kyriw305hq, line 1150: WEBGL_debug_renderer_info is deprecated in Firefox and will be removed. Please use RENDERER.
JavaScript error: , line 0: uncaught exception: Object
JavaScript warning: https://static.licdn.com/sc/h/ean56pz4lel3oi5kyriw305hq, line 1154: WEBGL_debug_renderer_info is deprecated in Firefox and will be removed. Please use RENDERER.
JavaScript warning: https://static.licdn.com/sc/h/ean56pz4lel3oi5kyriw305hq, line 1150: WEBGL_debug_renderer_info is deprecated in Firefox and will be removed. Please use RENDERER.
JavaScript error: , line 0: uncaught exception: Object
JavaScript warning: https://static.licdn.com/sc/h/ean56pz4lel3oi5kyriw305hq, line 1154: WEBGL_debug_renderer_info is deprecated in Firefox and will be removed. Please use RENDERER.
JavaScript warning: https://static.licdn.com/sc/h/ean56pz4lel3oi5kyriw305hq, line 1150: WEBGL_debug_renderer_info is deprecated in Firefox and will be removed. Please use RENDERER.
JavaScript error: , line 0: uncaught exception: Object
JavaScript warning: https://static.licdn.com/sc/h/ean56pz4lel3oi5kyriw305hq, line 1154: WEBGL_debug_renderer_info is deprecated in Firefox and will be removed. Please use RENDERER.
JavaScript warning: https://static.licdn.com/sc/h/ean56pz4lel3oi5kyriw305hq, line 1150: WEBGL_debug_renderer_info is deprecated in Firefox and will be removed. Please use RENDERER.
JavaScript error: , line 0: uncaught exception: Object
JavaScript warning: https://static.licdn.com/sc/h/ean56pz4lel3oi5kyriw305hq, line 1154: WEBGL_debug_renderer_info is deprecated in Firefox and will be removed. Please use RENDERER.
JavaScript warning: https://static.licdn.com/sc/h/ean56pz4lel3oi5kyriw305hq, line 1150: WEBGL_debug_renderer_info is deprecated in Firefox and will be removed. Please use RENDERER.
JavaScript error: , line 0: uncaught exception: Object
JavaScript warning: https://static.licdn.com/sc/h/ean56pz4lel3oi5kyriw305hq, line 1154: WEBGL_debug_renderer_info is deprecated in Firefox and will be removed. Please use RENDERER.
JavaScript warning: https://static.licdn.com/sc/h/ean56pz4lel3oi5kyriw305hq, line 1150: WEBGL_debug_renderer_info is deprecated in Firefox and will be removed. Please use RENDERER.
JavaScript error: , line 0: uncaught exception: Object
JavaScript warning: https://static.licdn.com/sc/h/ean56pz4lel3oi5kyriw305hq, line 1154: WEBGL_debug_renderer_info is deprecated in Firefox and will be removed. Please use RENDERER.
JavaScript warning: https://static.licdn.com/sc/h/ean56pz4lel3oi5kyriw305hq, line 1150: WEBGL_debug_renderer_info is deprecated in Firefox and will be removed. Please use RENDERER.
JavaScript error: , line 0: uncaught exception: Object
JavaScript warning: https://static.licdn.com/sc/h/ean56pz4lel3oi5kyriw305hq, line 1154: WEBGL_debug_renderer_info is deprecated in Firefox and will be removed. Please use RENDERER.
JavaScript warning: https://static.licdn.com/sc/h/ean56pz4lel3oi5kyriw305hq, line 1150: WEBGL_debug_renderer_info is deprecated in Firefox and will be removed. Please use RENDERER.
JavaScript error: , line 0: uncaught exception: Object
JavaScript warning: https://static.licdn.com/sc/h/ean56pz4lel3oi5kyriw305hq, line 1154: WEBGL_debug_renderer_info is deprecated in Firefox and will be removed. Please use RENDERER.
JavaScript warning: https://static.licdn.com/sc/h/ean56pz4lel3oi5kyriw305hq, line 1150: WEBGL_debug_renderer_info is deprecated in Firefox and will be removed. Please use RENDERER.
JavaScript error: , line 0: uncaught exception: Object
JavaScript warning: https://static.licdn.com/sc/h/ean56pz4lel3oi5kyriw305hq, line 1154: WEBGL_debug_renderer_info is deprecated in Firefox and will be removed. Please use RENDERER.
JavaScript warning: https://static.licdn.com/sc/h/ean56pz4lel3oi5kyriw305hq, line 1150: WEBGL_debug_renderer_info is deprecated in Firefox and will be removed. Please use RENDERER.
JavaScript error: , line 0: uncaught exception: Object
JavaScript warning: https://static.licdn.com/sc/h/ean56pz4lel3oi5kyriw305hq, line 1154: WEBGL_debug_renderer_info is deprecated in Firefox and will be removed. Please use RENDERER.
JavaScript warning: https://static.licdn.com/sc/h/ean56pz4lel3oi5kyriw305hq, line 1150: WEBGL_debug_renderer_info is deprecated in Firefox and will be removed. Please use RENDERER.
JavaScript error: , line 0: uncaught exception: Object
JavaScript warning: https://static.licdn.com/sc/h/ean56pz4lel3oi5kyriw305hq, line 1154: WEBGL_debug_renderer_info is deprecated in Firefox and will be removed. Please use RENDERER.
JavaScript warning: https://static.licdn.com/sc/h/ean56pz4lel3oi5kyriw305hq, line 1150: WEBGL_debug_renderer_info is deprecated in Firefox and will be removed. Please use RENDERER.
JavaScript error: , line 0: uncaught exception: Object
JavaScript warning: https://static.licdn.com/sc/h/ean56pz4lel3oi5kyriw305hq, line 1154: WEBGL_debug_renderer_info is deprecated in Firefox and will be removed. Please use RENDERER.
JavaScript warning: https://static.licdn.com/sc/h/ean56pz4lel3oi5kyriw305hq, line 1150: WEBGL_debug_renderer_info is deprecated in Firefox and will be removed. Please use RENDERER.
JavaScript error: , line 0: uncaught exception: Object
JavaScript warning: https://static.licdn.com/sc/h/ean56pz4lel3oi5kyriw305hq, line 1154: WEBGL_debug_renderer_info is deprecated in Firefox and will be removed. Please use RENDERER.
JavaScript warning: https://static.licdn.com/sc/h/ean56pz4lel3oi5kyriw305hq, line 1150: WEBGL_debug_renderer_info is deprecated in Firefox and will be removed. Please use RENDERER.
JavaScript error: , line 0: uncaught exception: Object
JavaScript warning: https://static.licdn.com/sc/h/ean56pz4lel3oi5kyriw305hq, line 1154: WEBGL_debug_renderer_info is deprecated in Firefox and will be removed. Please use RENDERER.
JavaScript warning: https://static.licdn.com/sc/h/ean56pz4lel3oi5kyriw305hq, line 1150: WEBGL_debug_renderer_info is deprecated in Firefox and will be removed. Please use RENDERER.
JavaScript error: , line 0: uncaught exception: Object
JavaScript warning: https://static.licdn.com/sc/h/ean56pz4lel3oi5kyriw305hq, line 1154: WEBGL_debug_renderer_info is deprecated in Firefox and will be removed. Please use RENDERER.
JavaScript warning: https://static.licdn.com/sc/h/ean56pz4lel3oi5kyriw305hq, line 1150: WEBGL_debug_renderer_info is deprecated in Firefox and will be removed. Please use RENDERER.
JavaScript error: , line 0: uncaught exception: Object
JavaScript warning: https://static.licdn.com/sc/h/ean56pz4lel3oi5kyriw305hq, line 1154: WEBGL_debug_renderer_info is deprecated in Firefox and will be removed. Please use RENDERER.
JavaScript warning: https://static.licdn.com/sc/h/ean56pz4lel3oi5kyriw305hq, line 1150: WEBGL_debug_renderer_info is deprecated in Firefox and will be removed. Please use RENDERER.
JavaScript error: , line 0: uncaught exception: Object
JavaScript warning: https://static.licdn.com/sc/h/ean56pz4lel3oi5kyriw305hq, line 1154: WEBGL_debug_renderer_info is deprecated in Firefox and will be removed. Please use RENDERER.
JavaScript warning: https://static.licdn.com/sc/h/ean56pz4lel3oi5kyriw305hq, line 1150: WEBGL_debug_renderer_info is deprecated in Firefox and will be removed. Please use RENDERER.
JavaScript error: , line 0: uncaught exception: Object
JavaScript warning: https://static.licdn.com/sc/h/ean56pz4lel3oi5kyriw305hq, line 1154: WEBGL_debug_renderer_info is deprecated in Firefox and will be removed. Please use RENDERER.
JavaScript warning: https://static.licdn.com/sc/h/ean56pz4lel3oi5kyriw305hq, line 1150: WEBGL_debug_renderer_info is deprecated in Firefox and will be removed. Please use RENDERER.
JavaScript error: , line 0: uncaught exception: Object
JavaScript warning: https://static.licdn.com/sc/h/ean56pz4lel3oi5kyriw305hq, line 1154: WEBGL_debug_renderer_info is deprecated in Firefox and will be removed. Please use RENDERER.
JavaScript warning: https://static.licdn.com/sc/h/ean56pz4lel3oi5kyriw305hq, line 1150: WEBGL_debug_renderer_info is deprecated in Firefox and will be removed. Please use RENDERER.
JavaScript error: , line 0: uncaught exception: Object
JavaScript error: , line 0: uncaught exception: Object
JavaScript warning: https://static.licdn.com/sc/h/ean56pz4lel3oi5kyriw305hq, line 1154: WEBGL_debug_renderer_info is deprecated in Firefox and will be removed. Please use RENDERER.
JavaScript warning: https://static.licdn.com/sc/h/ean56pz4lel3oi5kyriw305hq, line 1150: WEBGL_debug_renderer_info is deprecated in Firefox and will be removed. Please use RENDERER.
JavaScript error: , line 0: uncaught exception: Object
JavaScript warning: https://static.licdn.com/sc/h/ean56pz4lel3oi5kyriw305hq, line 1154: WEBGL_debug_renderer_info is deprecated in Firefox and will be removed. Please use RENDERER.
JavaScript warning: https://static.licdn.com/sc/h/ean56pz4lel3oi5kyriw305hq, line 1150: WEBGL_debug_renderer_info is deprecated in Firefox and will be removed. Please use RENDERER.
